[GIN-debug] [WARNING] Running in "debug" mode. Switch to "release" mode in production.
 - using env:	export GIN_MODE=release
 - using code:	gin.SetMode(gin.ReleaseMode)

[GIN-debug] GET    /css/*filepath            --> github.com/gin-gonic/gin.(*RouterGroup).createStaticHandler.func1 (1 handlers)
[GIN-debug] HEAD   /css/*filepath            --> github.com/gin-gonic/gin.(*RouterGroup).createStaticHandler.func1 (1 handlers)
[GIN-debug] Loaded HTML Templates (4): 
	- header.html
	- index.html
	- 
	- footer.html

[GIN-debug] GET    /ping                     --> main.main.func1 (4 handlers)
[GIN-debug] POST   /login                    --> main.main.func2 (4 handlers)
[GIN-debug] GET    /api/videos/              --> main.main.func3 (5 handlers)
[GIN-debug] POST   /api/videos/              --> main.main.func4 (5 handlers)
[GIN-debug] GET    /view/videos              --> github.com/hagios2/simple-app/controller.VideoController.ShowAll-fm (4 handlers)
[GIN-debug] [WARNING] You trusted all proxies, this is NOT safe. We recommend you to set a value.
Please check https://pkg.go.dev/github.com/gin-gonic/gin#readme-don-t-trust-all-proxies for details.
[GIN-debug] Listening and serving HTTP on :8080
::1 - [2024-02-08 01:28:13.51278208 +0000 GMT m=+3.754373025] POST /login 200 263.86µs 
[GIN-debug] redirecting request 307: /api/videos/ --> /api/videos/
[GIN-debug] redirecting request 307: /api/videos/ --> /api/videos/
127.0.0.1 - [2024-02-08 01:29:56.212219727 +0000 GMT m=+106.453810677] POST /api/videos/ 200 379.582µs 
